===== EXECUÇÃO: 2025-05-21 14:35:34.295457
Script      : mlp_v2
Python      : 3.12.9 (CPython)
OS          : Windows 10 10.0.19045
Machine     : AMD64
Processor   : Intel64 Family 6 Model 60 Stepping 3, GenuineIntel
============================================================
Fold 01 ▸ Loss=0.2983 Acc=0.8571 Prec=0.3571 Rec=0.6250
Fold 02 ▸ Loss=0.2237 Acc=0.9167 Prec=0.6296 Rec=0.8095
Fold 03 ▸ Loss=0.4109 Acc=0.8452 Prec=0.3871 Rec=0.6316
Fold 04 ▸ Loss=0.3182 Acc=0.8452 Prec=0.4242 Rec=0.6667
Fold 05 ▸ Loss=0.3628 Acc=0.8750 Prec=0.2609 Rec=0.6000

--- Avaliação no conjunto de TESTE ---
Perda=0.2220 | Acurácia=0.8917 | Precisão=0.4828 | Recall=0.7568

Threshold > 0.3
Confusion Matrix:
 [[280  43]
 [  7  30]]

Classification Report:
               precision    recall  f1-score   support

           0       0.98      0.87      0.92       323
           1       0.41      0.81      0.55        37

    accuracy                           0.86       360
   macro avg       0.69      0.84      0.73       360
weighted avg       0.92      0.86      0.88       360

Acurácia: 0.8611

Threshold > 0.4
Confusion Matrix:
 [[287  36]
 [  8  29]]

Classification Report:
               precision    recall  f1-score   support

           0       0.97      0.89      0.93       323
           1       0.45      0.78      0.57        37

    accuracy                           0.88       360
   macro avg       0.71      0.84      0.75       360
weighted avg       0.92      0.88      0.89       360

Acurácia: 0.8778

Threshold > 0.5
Confusion Matrix:
 [[293  30]
 [  9  28]]

Classification Report:
               precision    recall  f1-score   support

           0       0.97      0.91      0.94       323
           1       0.48      0.76      0.59        37

    accuracy                           0.89       360
   macro avg       0.73      0.83      0.76       360
weighted avg       0.92      0.89      0.90       360

Acurácia: 0.8917

Threshold > 0.6
Confusion Matrix:
 [[299  24]
 [ 10  27]]

Classification Report:
               precision    recall  f1-score   support

           0       0.97      0.93      0.95       323
           1       0.53      0.73      0.61        37

    accuracy                           0.91       360
   macro avg       0.75      0.83      0.78       360
weighted avg       0.92      0.91      0.91       360

Acurácia: 0.9056

Threshold > 0.7
Confusion Matrix:
 [[308  15]
 [ 10  27]]

Classification Report:
               precision    recall  f1-score   support

           0       0.97      0.95      0.96       323
           1       0.64      0.73      0.68        37

    accuracy                           0.93       360
   macro avg       0.81      0.84      0.82       360
weighted avg       0.94      0.93      0.93       360

Acurácia: 0.9306

Threshold > 0.8
Confusion Matrix:
 [[315   8]
 [ 12  25]]

Classification Report:
               precision    recall  f1-score   support

           0       0.96      0.98      0.97       323
           1       0.76      0.68      0.71        37

    accuracy                           0.94       360
   macro avg       0.86      0.83      0.84       360
weighted avg       0.94      0.94      0.94       360

Acurácia: 0.9444
